{"level":"info","message":"Gmail transporter initialized for pttpos.system@gmail.com"}
{"level":"info","message":"Sent Gmail alert from pttpos.system@gmail.com to dararithzone@gmail.com","messageId":"<feb4b15c-613b-0476-a139-25b1f495c946@gmail.com>","messageLength":20,"smtpResponse":"250 2.0.0 OK  1752635665 d9443c01a7336-23de4287268sm117590745ad.19 - gsmtp","timestamp":"2025-07-16T03:14:25.941Z"}
{"level":"info","message":"Gmail transporter initialized for pttpos.system@gmail.com"}
{"level":"info","message":"Sent Gmail alert from pttpos.system@gmail.com to hannagaming770@gmail.com","messageId":"<edaa1d6a-c33a-2ef2-65c4-fa45775011e9@gmail.com>","messageLength":30,"smtpResponse":"250 2.0.0 OK  1752636580 d2e1a72fcca58-74eb9e061a6sm13667021b3a.50 - gsmtp","timestamp":"2025-07-16T03:29:40.007Z"}
{"level":"info","message":"Gmail transporter initialized for pttpos.system@gmail.com"}
{"level":"info","message":"Sent Gmail alert from pttpos.system@gmail.com to rith1280acc@gmail.com","messageId":"<b5f24dd1-dc0b-8c76-d5b7-206190d8b5cb@gmail.com>","messageLength":10,"smtpResponse":"250 2.0.0 OK  1752679592 d2e1a72fcca58-74eb9f49f8bsm14120428b3a.113 - gsmtp","timestamp":"2025-07-16T15:26:32.485Z"}
{"level":"info","message":"Gmail transporter initialized for pttpos.system@gmail.com"}
{"level":"info","message":"Sent Gmail alert from pttpos.system@gmail.com to dararithzone@gmail.com","messageId":"<67889836-9792-2d18-8e38-e2abd437914f@gmail.com>","messageLength":20,"smtpResponse":"250 2.0.0 OK  1752681196 d2e1a72fcca58-74eb9dd73b7sm14445700b3a.1 - gsmtp","timestamp":"2025-07-16T15:53:16.450Z"}
{"level":"info","message":"Gmail transporter initialized for pttpos.system@gmail.com"}
{"level":"info","message":"Gmail transporter initialized for pttpos.system@gmail.com"}
{"level":"info","message":"Gmail transporter initialized for pttpos.system@gmail.com"}
{"level":"info","message":"Gmail transporter initialized for pttpos.system@gmail.com"}
{"level":"info","message":"Gmail transporter initialized for pttpos.system@gmail.com"}
{"level":"info","message":"Gmail transporter initialized for pttpos.system@gmail.com"}
{"level":"info","message":"Gmail transporter initialized for pttpos.system@gmail.com"}
{"level":"info","message":"Gmail transporter initialized for pttpos.system@gmail.com"}
{"level":"info","message":"Gmail transporter initialized for pttpos.system@gmail.com"}
{"level":"info","message":"Sent Gmail alert from pttpos.system@gmail.com to dararithzone@gmail.com","messageId":"<b4dc41fd-1cf4-291e-6938-abf885dddf57@gmail.com>","messageLength":29,"smtpResponse":"250 2.0.0 OK  1752685791 d2e1a72fcca58-74eb9f1b708sm14809199b3a.75 - gsmtp","timestamp":"2025-07-16T17:09:51.842Z"}
{"level":"info","message":"Gmail transporter initialized for pttpos.system@gmail.com"}
{"level":"info","message":"Gmail transporter initialized for pttpos.system@gmail.com"}
{"error":"getaddrinfo ENOTFOUND smtp.gmail.com","level":"error","message":"SMTP connection verification failed"}
{"error":"getaddrinfo ENOTFOUND smtp.gmail.com","level":"error","message":"SMTP connection verification failed"}
{"errorCode":"EDNS","errorResponse":"No response","level":"error","message":"Failed to send Gmail alert from pttpos.system@gmail.com to dararithzone@gmail.com: getaddrinfo ENOTFOUND smtp.gmail.com","smtpDetails":"CONN","timestamp":"2025-07-16T17:50:11.243Z"}
{"level":"info","message":"Gmail transporter initialized for pttpos.system@gmail.com"}
{"level":"info","message":"Sent Gmail alert from pttpos.system@gmail.com to dararithzone@gmail.com","messageId":"<76872fa3-60aa-0f8c-4faa-18011e9cce02@gmail.com>","messageLength":29,"smtpResponse":"250 2.0.0 OK  1752689151 41be03b00d2f7-b3bbe71a40csm14218703a12.64 - gsmtp","timestamp":"2025-07-16T18:05:51.538Z"}
{"level":"info","message":"Sent Gmail alert from pttpos.system@gmail.com to dararithzone@gmail.com","messageId":"<a6749c45-8c7f-fa25-ed8d-7e1669e9d252@gmail.com>","messageLength":29,"smtpResponse":"250 2.0.0 OK  1752690438 d9443c01a7336-23de4322a8bsm133941555ad.95 - gsmtp","timestamp":"2025-07-16T18:27:18.642Z"}
{"level":"info","message":"Sent Gmail alert from pttpos.system@gmail.com to dararithzone@gmail.com","messageId":"<ad553e1a-1fab-9c48-a753-595db45ee5c5@gmail.com>","messageLength":21,"smtpResponse":"250 2.0.0 OK  1752690840 d2e1a72fcca58-74eb9f22d93sm14470366b3a.89 - gsmtp","timestamp":"2025-07-16T18:34:00.481Z"}
{"level":"info","message":"Gmail transporter initialized for pttpos.system@gmail.com"}
{"level":"info","message":"Gmail transporter initialized for pttpos.system@gmail.com"}
{"level":"info","message":"Gmail transporter initialized for pttpos.system@gmail.com"}
{"level":"info","message":"Sent Gmail alert from pttpos.system@gmail.com to dararithzone@gmail.com","messageId":"<9e8479d5-daa9-3b2e-b6d6-006852ba19dd@gmail.com>","messageLength":37,"smtpResponse":"250 2.0.0 OK  1752691401 d2e1a72fcca58-74eb9f53903sm13555577b3a.128 - gsmtp","timestamp":"2025-07-16T18:43:21.663Z"}
{"level":"info","message":"Sent Gmail alert from pttpos.system@gmail.com to dararithzone@gmail.com","messageId":"<ed800648-3d98-dfb7-403e-902da0d89ca1@gmail.com>","messageLength":4,"smtpResponse":"250 2.0.0 OK  1752692110 d2e1a72fcca58-74eb9e068b1sm15022043b3a.58 - gsmtp","timestamp":"2025-07-16T18:55:10.203Z"}
{"level":"info","message":"Gmail transporter initialized for pttpos.system@gmail.com"}
{"level":"info","message":"Sent Gmail alert from pttpos.system@gmail.com to dararithzone@gmail.com","messageId":"<e99dab8c-8f77-67ed-4499-f477a67680ef@gmail.com>","messageLength":25,"smtpResponse":"250 2.0.0 OK  1752715168 d9443c01a7336-23de42ad268sm132299675ad.77 - gsmtp","timestamp":"2025-07-17T01:19:29.175Z"}
{"level":"info","message":"Sent Gmail alert from pttpos.system@gmail.com to dararithzone@gmail.com","messageId":"<84c6d5bc-9e28-febc-84d0-481b98289eec@gmail.com>","messageLength":16,"smtpResponse":"250 2.0.0 OK  1752721243 d9443c01a7336-23de4322df2sm132972595ad.111 - gsmtp","timestamp":"2025-07-17T03:00:43.505Z"}
{"level":"info","message":"Gmail transporter initialized for pttpos.system@gmail.com"}
{"level":"info","message":"Sent Gmail alert from pttpos.system@gmail.com to dararithzone@gmail.com","messageId":"<6d94c24d-478b-038d-f6e3-076c3a9e4455@gmail.com>","messageLength":27,"smtpResponse":"250 2.0.0 OK  1752721363 d9443c01a7336-23de42ad3absm139399775ad.83 - gsmtp","timestamp":"2025-07-17T03:02:43.295Z"}
{"level":"info","message":"Sent Gmail alert from pttpos.system@gmail.com to dararithzone@gmail.com","messageId":"<01c8ee5f-c91e-b029-bb93-ee3d5315d93a@gmail.com>","messageLength":35,"smtpResponse":"250 2.0.0 OK  1752721474 d9443c01a7336-23de4346187sm138345025ad.193 - gsmtp","timestamp":"2025-07-17T03:04:34.469Z"}
{"level":"info","message":"Gmail transporter initialized for pttpos.system@gmail.com"}
{"level":"info","message":"Sent Gmail alert from pttpos.system@gmail.com to dararithzone@gmail.com","messageId":"<359dd265-8209-510a-2fc7-5782bf365f72@gmail.com>","messageLength":257,"smtpResponse":"250 2.0.0 OK  1752733005 d9443c01a7336-23de434200csm134404945ad.175 - gsmtp","timestamp":"2025-07-17T06:16:45.402Z"}
{"level":"info","message":"Sent Gmail alert from pttpos.system@gmail.com to dararithzone@gmail.com","messageId":"<3b24b500-bc5b-c276-ed27-adad014b0cd1@gmail.com>","messageLength":257,"smtpResponse":"250 2.0.0 OK  1752733102 d2e1a72fcca58-74eb9e07793sm15231369b3a.69 - gsmtp","timestamp":"2025-07-17T06:18:22.460Z"}
{"level":"info","message":"Sent Gmail alert from pttpos.system@gmail.com to dararithzone@gmail.com","messageId":"<0464425e-8c27-17c4-8fc6-c0e862a3ae83@gmail.com>","messageLength":257,"smtpResponse":"250 2.0.0 OK  1752733243 d9443c01a7336-23de4341ce1sm138640955ad.181 - gsmtp","timestamp":"2025-07-17T06:20:43.255Z"}
{"level":"info","message":"Sent Gmail alert from pttpos.system@gmail.com to dararithzone@gmail.com","messageId":"<6d9bad05-0264-ff1f-4fab-5ebefd9a34c7@gmail.com>","messageLength":257,"smtpResponse":"250 2.0.0 OK  1752733780 98e67ed59e1d1-31c9f1b8fabsm2580494a91.1 - gsmtp","timestamp":"2025-07-17T06:29:40.822Z"}
{"level":"info","message":"Sent Gmail alert from pttpos.system@gmail.com to dararithzone@gmail.com","messageId":"<faacc39e-59bf-a541-3377-f05c3db8f143@gmail.com>","messageLength":257,"smtpResponse":"250 2.0.0 OK  1752733856 98e67ed59e1d1-31caf7e88e4sm792327a91.21 - gsmtp","timestamp":"2025-07-17T06:30:56.853Z"}
{"level":"info","message":"Sent Gmail alert from pttpos.system@gmail.com to dararithzone@gmail.com","messageId":"<408ae6ff-80d4-0050-8b05-2746e30a9102@gmail.com>","messageLength":266,"smtpResponse":"250 2.0.0 OK  1752734331 98e67ed59e1d1-31caf7aa6c2sm822574a91.3 - gsmtp","timestamp":"2025-07-17T06:38:51.064Z"}
{"level":"info","message":"Sent Gmail alert from pttpos.system@gmail.com to dararithzone@gmail.com","messageId":"<d8acb714-d937-e2f2-e181-fbb3fd0c7023@gmail.com>","messageLength":257,"smtpResponse":"250 2.0.0 OK  1752734807 d2e1a72fcca58-74eb9f4bc51sm15134315b3a.116 - gsmtp","timestamp":"2025-07-17T06:46:47.497Z"}
{"level":"info","message":"Sent Gmail alert from pttpos.system@gmail.com to dararithzone@gmail.com","messageId":"<546e1824-3752-30e6-4ab1-67700d44dadd@gmail.com>","messageLength":257,"smtpResponse":"250 2.0.0 OK  1752734912 d9443c01a7336-23de4350bb0sm142750725ad.205 - gsmtp","timestamp":"2025-07-17T06:48:32.722Z"}
{"level":"info","message":"Gmail transporter initialized for pttpos.system@gmail.com"}
{"level":"info","message":"Sent Gmail alert from pttpos.system@gmail.com to dararithzone@gmail.com","messageId":"<d229fb03-992a-0d54-04eb-35943cbd50b7@gmail.com>","messageLength":252,"smtpResponse":"250 2.0.0 OK  1752735177 d2e1a72fcca58-74eb9f1a841sm15081630b3a.86 - gsmtp","timestamp":"2025-07-17T06:52:57.341Z"}
{"level":"info","message":"Sent Gmail alert from pttpos.system@gmail.com to dararithzone@gmail.com","messageId":"<deb7876e-97bd-537b-6373-6f3aa5f6e4e5@gmail.com>","messageLength":257,"smtpResponse":"250 2.0.0 OK  1752735224 d2e1a72fcca58-74eb9dd71ffsm15533577b3a.23 - gsmtp","timestamp":"2025-07-17T06:53:44.092Z"}
{"level":"info","message":"Gmail transporter initialized for pttpos.system@gmail.com"}
{"level":"info","message":"Sent Gmail alert from pttpos.system@gmail.com to dararithzone@gmail.com","messageId":"<3373ba8c-86d0-b421-dc88-e29ce6234b2a@gmail.com>","messageLength":257,"smtpResponse":"250 2.0.0 OK  1752735338 d2e1a72fcca58-74eb9e06b0esm15259317b3a.60 - gsmtp","timestamp":"2025-07-17T06:55:38.701Z"}
{"level":"info","message":"Sent Gmail alert from pttpos.system@gmail.com to dararithzone@gmail.com","messageId":"<92e11aa1-788e-50cb-28f7-0c18975a441e@gmail.com>","messageLength":257,"smtpResponse":"250 2.0.0 OK  1752735454 98e67ed59e1d1-31c9f1e6a8bsm2730155a91.18 - gsmtp","timestamp":"2025-07-17T06:57:34.389Z"}
{"level":"info","message":"Gmail transporter initialized for pttpos.system@gmail.com"}
{"level":"info","message":"Sent Gmail alert from pttpos.system@gmail.com to dararithzone@gmail.com","messageId":"<79296be0-3f6e-536f-f9b2-ccdf0f70c66a@gmail.com>","messageLength":257,"smtpResponse":"250 2.0.0 OK  1752735996 98e67ed59e1d1-31c9f29e313sm2653379a91.35 - gsmtp","timestamp":"2025-07-17T07:06:35.911Z"}
{"level":"info","message":"Sent Gmail alert from pttpos.system@gmail.com to dararithzone@gmail.com","messageId":"<f86d833a-d308-a666-bbc6-4d5906daeb30@gmail.com>","messageLength":257,"smtpResponse":"250 2.0.0 OK  1752736068 d2e1a72fcca58-74eb9f4b6absm14766316b3a.125 - gsmtp","timestamp":"2025-07-17T07:07:48.690Z"}
{"level":"info","message":"Gmail transporter initialized for pttpos.system@gmail.com"}
{"level":"info","message":"Sent Gmail alert from pttpos.system@gmail.com to dararithzone@gmail.com","messageId":"<031153ef-2e57-678a-19f3-bdf50ebd1841@gmail.com>","messageLength":257,"smtpResponse":"250 2.0.0 OK  1752736117 d2e1a72fcca58-74eb9f5296csm15531353b3a.135 - gsmtp","timestamp":"2025-07-17T07:08:36.983Z"}
{"level":"info","message":"Gmail transporter initialized for pttpos.system@gmail.com"}
{"level":"info","message":"Sent Gmail alert from pttpos.system@gmail.com to dararithzone@gmail.com","messageId":"<e1f3e8b1-531e-343e-b985-92623bfa2b06@gmail.com>","messageLength":257,"smtpResponse":"250 2.0.0 OK  1752736176 d2e1a72fcca58-74eb9f53903sm14393063b3a.128 - gsmtp","timestamp":"2025-07-17T07:09:36.442Z"}
{"level":"info","message":"Gmail transporter initialized for pttpos.system@gmail.com"}
{"level":"info","message":"Sent Gmail alert from pttpos.system@gmail.com to dararithzone@gmail.com","messageId":"<1a62562e-d8a6-a9e0-7880-b9a9e3344a4d@gmail.com>","messageLength":257,"smtpResponse":"250 2.0.0 OK  1752736672 98e67ed59e1d1-31caf7c32f7sm889859a91.16 - gsmtp","timestamp":"2025-07-17T07:17:52.805Z"}
{"level":"info","message":"Sent Gmail alert from pttpos.system@gmail.com to dararithzone@gmail.com","messageId":"<ab373413-bfe2-3388-e4a9-d51ab4313efd@gmail.com>","messageLength":252,"smtpResponse":"250 2.0.0 OK  1752736764 98e67ed59e1d1-31c9f1ba67csm2856738a91.8 - gsmtp","timestamp":"2025-07-17T07:19:24.412Z"}
{"level":"info","message":"Sent Gmail alert from pttpos.system@gmail.com to dararithzone@gmail.com","messageId":"<24229397-886c-f93f-1525-14a7b700cd30@gmail.com>","messageLength":252,"smtpResponse":"250 2.0.0 OK  1752736935 d9443c01a7336-23de4345cbbsm142215245ad.194 - gsmtp","timestamp":"2025-07-17T07:22:15.697Z"}
{"level":"info","message":"Sent Gmail alert from pttpos.system@gmail.com to dararithzone@gmail.com","messageId":"<024ae593-1188-d4bd-2548-370fa74c58c2@gmail.com>","messageLength":29,"smtpResponse":"250 2.0.0 OK  1752737373 d2e1a72fcca58-74eb9e06890sm15596740b3a.48 - gsmtp","timestamp":"2025-07-17T07:29:33.376Z"}
{"level":"info","message":"Sent Gmail alert from pttpos.system@gmail.com to dararithzone@gmail.com","messageId":"<54bdaea2-9819-7842-9c4c-71068f5259ec@gmail.com>","messageLength":257,"smtpResponse":"250 2.0.0 OK  1752737677 d2e1a72fcca58-74eb9e07facsm15893295b3a.68 - gsmtp","timestamp":"2025-07-17T07:34:37.737Z"}
{"level":"info","message":"Sent Gmail alert from pttpos.system@gmail.com to dararithzone@gmail.com","messageId":"<01a51a8d-98bb-4b4d-1578-86d529f07551@gmail.com>","messageLength":257,"smtpResponse":"250 2.0.0 OK  1752738812 98e67ed59e1d1-31caf805fb0sm1030941a91.31 - gsmtp","timestamp":"2025-07-17T07:53:32.185Z"}
{"level":"info","message":"Sent Gmail alert from pttpos.system@gmail.com to dararithzone@gmail.com","messageId":"<dba664bc-1b39-8b8f-04cf-28f07ae3d709@gmail.com>","messageLength":257,"smtpResponse":"250 2.0.0 OK  1752738959 d2e1a72fcca58-74eb9e07585sm15983086b3a.65 - gsmtp","timestamp":"2025-07-17T07:55:58.868Z"}
{"level":"info","message":"Sent Gmail alert from pttpos.system@gmail.com to dararithzone@gmail.com","messageId":"<4ab74d06-cff4-2ee7-f405-4e368e0b34fd@gmail.com>","messageLength":257,"smtpResponse":"250 2.0.0 OK  1752739273 d2e1a72fcca58-74eb9f8b990sm15634930b3a.153 - gsmtp","timestamp":"2025-07-17T08:01:13.558Z"}
{"level":"info","message":"Sent Gmail alert from pttpos.system@gmail.com to dararithzone@gmail.com","messageId":"<95548d6b-78f7-7384-b292-01e52ac33ad7@gmail.com>","messageLength":257,"smtpResponse":"250 2.0.0 OK  1752739554 d9443c01a7336-23de4332b0csm136632835ad.149 - gsmtp","timestamp":"2025-07-17T08:05:54.641Z"}
{"level":"info","message":"Sent Gmail alert from pttpos.system@gmail.com to dararithzone@gmail.com","messageId":"<9eeae7ab-36a8-8742-070d-36d932c5e642@gmail.com>","messageLength":258,"smtpResponse":"250 2.0.0 OK  1752741429 d9443c01a7336-23de4341d1esm136942115ad.174 - gsmtp","timestamp":"2025-07-17T08:37:09.145Z"}
{"level":"info","message":"Sent Gmail alert from pttpos.system@gmail.com to dararithzone@gmail.com","messageId":"<be428145-5ef0-4ba7-f511-0deae9f0f644@gmail.com>","messageLength":264,"smtpResponse":"250 2.0.0 OK  1752742639 d2e1a72fcca58-74eb9dd5a7csm15115925b3a.28 - gsmtp","timestamp":"2025-07-17T08:57:19.428Z"}
{"level":"info","message":"Sent Gmail alert from pttpos.system@gmail.com to dararithzone@gmail.com","messageId":"<10736c34-019a-bb9d-56a0-b68feb0559ac@gmail.com>","messageLength":284,"smtpResponse":"250 2.0.0 OK  1752743213 d9443c01a7336-23de435c238sm140384085ad.234 - gsmtp","timestamp":"2025-07-17T09:06:52.723Z"}
{"level":"info","message":"Sent Gmail alert from pttpos.system@gmail.com to dararithzone@gmail.com","messageId":"<6cb5222e-b1dc-5779-aeb3-f79183c9faf1@gmail.com>","messageLength":247,"smtpResponse":"250 2.0.0 OK  1752745893 41be03b00d2f7-b3bbe52cc46sm15342628a12.11 - gsmtp","timestamp":"2025-07-17T09:51:33.641Z"}
{"level":"info","message":"Gmail transporter initialized for pttpos.system@gmail.com"}
{"level":"info","message":"Sent Gmail alert from pttpos.system@gmail.com to dararithzone@gmail.com","messageId":"<c55bab13-a000-5f14-25e2-c7907ff89a74@gmail.com>","messageLength":252,"smtpResponse":"250 2.0.0 OK  1752784770 41be03b00d2f7-b3f2feabe7bsm81672a12.32 - gsmtp","timestamp":"2025-07-17T20:39:30.831Z"}
{"level":"info","message":"Sent Gmail alert from pttpos.system@gmail.com to dararithzone@gmail.com","messageId":"<aab580df-2161-bcd8-ec81-2a36a7d316f7@gmail.com>","messageLength":252,"smtpResponse":"250 2.0.0 OK  1752785358 d9443c01a7336-23e3b5e3d37sm887625ad.16 - gsmtp","timestamp":"2025-07-17T20:49:19.694Z"}
{"level":"info","message":"Gmail transporter initialized for pttpos.system@gmail.com"}
{"level":"info","message":"Sent Gmail alert from pttpos.system@gmail.com to dararithzone@gmail.com","messageId":"<132b96b9-3c47-7ffd-1a94-b9f17350139c@gmail.com>","messageLength":278,"smtpResponse":"250 2.0.0 OK  1752809352 d9443c01a7336-23e3b611382sm3968525ad.73 - gsmtp","timestamp":"2025-07-18T03:29:13.872Z"}
{"level":"info","message":"Gmail transporter initialized for pttpos.system@gmail.com"}
{"level":"info","message":"Sent Gmail alert from pttpos.system@gmail.com to dararithzone@gmail.com","messageId":"<1052955a-cc8c-3afd-8541-74e47ddd2d49@gmail.com>","messageLength":284,"smtpResponse":"250 2.0.0 OK  1753231379 d2e1a72fcca58-75e17d2526esm3746941b3a.81 - gsmtp","timestamp":"2025-07-23T00:43:01.399Z"}
{"level":"info","message":"Sent Gmail alert from pttpos.system@gmail.com to dararithzone@gmail.com","messageId":"<6d7f0e90-b52f-c3ee-b0f8-0f4436354251@gmail.com>","messageLength":293,"smtpResponse":"250 2.0.0 OK  1753232143 d9443c01a7336-23e3b6d22efsm85251085ad.154 - gsmtp","timestamp":"2025-07-23T00:55:45.149Z"}
{"level":"info"}
{"level":"info","message":"Sent Gmail alert from pttpos.system@gmail.com to dararithzone@gmail.com","messageId":"<6ba511b7-d2c8-0f83-0bbc-a35241d02eb3@gmail.com>","messageLength":284,"smtpResponse":"250 2.0.0 OK  1753234597 98e67ed59e1d1-31e51a6691dsm331569a91.20 - gsmtp","timestamp":"2025-07-23T01:36:38.387Z"}
{"level":"info","message":"Sent Gmail alert from pttpos.system@gmail.com to dararithzone@gmail.com","messageId":"<5077d296-395e-012c-a2fe-e92b450d7353@gmail.com>","messageLength":342,"smtpResponse":"250 2.0.0 OK  1753236614 d2e1a72fcca58-759c89cfac8sm8411444b3a.35 - gsmtp","timestamp":"2025-07-23T02:10:15.606Z"}
{"level":"info","message":"Sent Gmail alert from pttpos.system@gmail.com to dararithzone@gmail.com","messageId":"<2c306d30-f0d1-8185-9a87-4568295c7743@gmail.com>","messageLength":344,"smtpResponse":"250 2.0.0 OK  1753239044 d2e1a72fcca58-759c84e2c91sm8431085b3a.5 - gsmtp","timestamp":"2025-07-23T02:50:45.455Z"}
{"level":"info"}
{"level":"info","message":"Sent Gmail alert from pttpos.system@gmail.com to dararithzone@gmail.com","messageId":"<6f4beff1-6ed2-5bc1-d14b-3fd773c341d5@gmail.com>","messageLength":338,"smtpResponse":"250 2.0.0 OK  1753239850 d9443c01a7336-23e3b6b55d5sm85266775ad.118 - gsmtp","timestamp":"2025-07-23T03:04:11.984Z"}
{"level":"info"}
{"level":"info"}
{"level":"info","message":"Sent Gmail alert from pttpos.system@gmail.com to dararithzone@gmail.com","messageId":"<a77faef5-669f-c356-628f-7b4ce6584dab@gmail.com>","messageLength":322,"smtpResponse":"250 2.0.0 OK  1753241235 d2e1a72fcca58-759c84e24c8sm8192410b3a.15 - gsmtp","timestamp":"2025-07-23T03:27:16.832Z"}
{"level":"info"}
{"level":"info"}
{"level":"info","message":"Sent Gmail alert from pttpos.system@gmail.com to dararithzone@gmail.com","messageId":"<f9a1fc6a-deab-01f0-2f5f-814c0c386276@gmail.com>","messageLength":322,"smtpResponse":"250 2.0.0 OK  1753241660 98e67ed59e1d1-31e51a66bd9sm478182a91.24 - gsmtp","timestamp":"2025-07-23T03:34:21.888Z"}
{"level":"info"}
{"level":"info","message":"Sent Gmail alert from pttpos.system@gmail.com to dararithzone@gmail.com","messageId":"<91a25a95-f087-6595-6378-20b9e63c95aa@gmail.com>","messageLength":316,"smtpResponse":"250 2.0.0 OK  1753241837 d9443c01a7336-23e3b6d2a77sm86072575ad.136 - gsmtp","timestamp":"2025-07-23T03:37:18.871Z"}
{"level":"info"}
{"level":"info","message":"Sent Gmail alert from pttpos.system@gmail.com to dararithzone@gmail.com","messageId":"<bc07e505-903d-d4ce-5e41-9c3192574fb0@gmail.com>","messageLength":322,"smtpResponse":"250 2.0.0 OK  1753242306 d9443c01a7336-23e3b5e2de8sm86169725ad.11 - gsmtp","timestamp":"2025-07-23T03:45:07.849Z"}
{"level":"info","message":"Sent Gmail alert from pttpos.system@gmail.com to dararithzone@gmail.com","messageId":"<7d05814f-8577-1e0d-82d1-a6043f8b3101@gmail.com>","messageLength":318,"smtpResponse":"250 2.0.0 OK  1753242641 d9443c01a7336-23e3b6f2184sm86307865ad.224 - gsmtp","timestamp":"2025-07-23T03:50:42.444Z"}
{"level":"info"}
{"hasPhoto":false,"level":"info","message":"Sent Gmail alert from pttpos.system@gmail.com to dararithzone@gmail.com","messageId":"<b21397c3-ebf0-afad-836f-6344cd3114a2@gmail.com>","messageLength":258,"smtpResponse":"250 2.0.0 OK  1753243484 d9443c01a7336-23e3b6b4de3sm86227175ad.111 - gsmtp","timestamp":"2025-07-23T04:04:45.313Z"}
{"level":"info"}
{"hasPhoto":false,"level":"info","message":"Sent Gmail alert from pttpos.system@gmail.com to dararithzone@gmail.com","messageId":"<2d58609c-4368-318c-a9cb-9318d37b5525@gmail.com>","messageLength":322,"smtpResponse":"250 2.0.0 OK  1753243970 d9443c01a7336-23e3b6d2a8dsm86823865ad.165 - gsmtp","timestamp":"2025-07-23T04:12:51.882Z"}
{"level":"info","message":"Gmail transporter initialized for pttpos.system@gmail.com"}
{"level":"info","message":"Sent Gmail alert from pttpos.system@gmail.com to dararithzone@gmail.com","messageId":"<1505c583-f096-f14d-6150-e66ce96d834e@gmail.com>","messageLength":322,"smtpResponse":"250 2.0.0 OK  1753244038 d9443c01a7336-23e3b6ef61bsm86558655ad.199 - gsmtp","timestamp":"2025-07-23T04:13:59.446Z"}
{"level":"info","message":"Sent Gmail alert from pttpos.system@gmail.com to dararithzone@gmail.com","messageId":"<10f3b0f6-214b-cdec-3601-eea0dbdef71b@gmail.com>","messageLength":347,"smtpResponse":"250 2.0.0 OK  1753244159 d2e1a72fcca58-759cb1569f5sm8707531b3a.80 - gsmtp","timestamp":"2025-07-23T04:16:01.135Z"}
{"level":"info","message":"Sent Gmail alert from pttpos.system@gmail.com to dararithzone@gmail.com","messageId":"<08829beb-4f8c-2a79-4e9a-f3f58e9f05c3@gmail.com>","messageLength":354,"smtpResponse":"250 2.0.0 OK  1753244381 d9443c01a7336-23e3b6cfdbdsm87350285ad.150 - gsmtp","timestamp":"2025-07-23T04:19:42.650Z"}
{"level":"info","message":"Gmail transporter initialized for pttpos.system@gmail.com"}
{"level":"info","message":"Sent Gmail alert from pttpos.system@gmail.com to dararithzone@gmail.com","messageId":"<7ca61dd1-1980-2c33-bd04-fa0295eb56ff@gmail.com>","messageLength":347,"smtpResponse":"250 2.0.0 OK  1753245700 98e67ed59e1d1-31e51b9329csm592716a91.32 - gsmtp","timestamp":"2025-07-23T04:41:42.112Z"}
{"level":"info","message":"Sent Gmail alert from pttpos.system@gmail.com to dararithzone@gmail.com","messageId":"<e1ddfe6d-34d3-f614-5b0c-1751cdecf0f9@gmail.com>","messageLength":340,"smtpResponse":"250 2.0.0 OK  1753246577 98e67ed59e1d1-31e519f4f0fsm625119a91.10 - gsmtp","timestamp":"2025-07-23T04:56:18.876Z"}
{"level":"info","message":"Sent Gmail alert from pttpos.system@gmail.com to dararithzone@gmail.com","messageId":"<b8ae7d31-e36b-3b48-2dbe-af95a5873db8@gmail.com>","messageLength":353,"smtpResponse":"250 2.0.0 OK  1753249088 41be03b00d2f7-b3f2fe8dd22sm8072998a12.30 - gsmtp","timestamp":"2025-07-23T05:38:09.987Z"}
{"level":"info","message":"Gmail transporter initialized for pttpos.system@gmail.com"}
{"level":"info","message":"Sent Gmail alert from pttpos.system@gmail.com to dararithzone@gmail.com","messageId":"<a172c738-b939-05ef-3992-acaf06437cc5@gmail.com>","messageLength":353,"smtpResponse":"250 2.0.0 OK  1753250026 d2e1a72fcca58-759cb1575fbsm8865908b3a.99 - gsmtp","timestamp":"2025-07-23T05:53:47.082Z"}
{"level":"info","message":"Gmail transporter initialized for pttpos.system@gmail.com"}
{"level":"info","message":"Sent Gmail alert from pttpos.system@gmail.com to dararithzone@gmail.com","messageId":"<88d6cc41-59c8-2ee8-791c-0865abf76cf6@gmail.com>","messageLength":338,"smtpResponse":"250 2.0.0 OK  1753285749 d9443c01a7336-23e3c3b2c4esm98884395ad.189 - gsmtp","timestamp":"2025-07-23T15:49:10.007Z"}
{"level":"info","message":"Sent Gmail alert from pttpos.system@gmail.com to dararithzone@gmail.com","messageId":"<a1df82ad-1cfe-4720-b79a-cff1fb83c201@gmail.com>","messageLength":334,"smtpResponse":"250 2.0.0 OK  1753285921 d9443c01a7336-23e3b6b4de3sm99056955ad.111 - gsmtp","timestamp":"2025-07-23T15:52:02.175Z"}
{"level":"info","message":"Gmail transporter initialized for pttpos.system@gmail.com"}
{"level":"info","message":"Sent Gmail alert from pttpos.system@gmail.com to dararithzone@gmail.com","messageId":"<afd886a0-5749-1744-3ea5-a955896c1614@gmail.com>","messageLength":341,"smtpResponse":"250 2.0.0 OK  1753286104 d9443c01a7336-23e3b5e2d06sm99248965ad.43 - gsmtp","timestamp":"2025-07-23T15:55:04.737Z"}
{"level":"info","message":"Gmail transporter initialized for pttpos.system@gmail.com"}
{"level":"info","message":"Sent Gmail alert from pttpos.system@gmail.com to dararithzone@gmail.com","messageId":"<1f71f03f-753b-8ea6-cc33-1cb45fd6a1f2@gmail.com>","messageLength":343,"smtpResponse":"250 2.0.0 OK  1753287362 d9443c01a7336-23e3b60eb01sm99721085ad.57 - gsmtp","timestamp":"2025-07-23T16:16:02.752Z"}
{"level":"info","message":"Gmail transporter initialized for pttpos.system@gmail.com"}
{"level":"info","message":"Sent Gmail alert from pttpos.system@gmail.com to dararithzone@gmail.com","messageId":"<1d4377be-66dc-6e00-b659-4b67e80076a9@gmail.com>","messageLength":279,"smtpResponse":"250 2.0.0 OK  1753319958 d2e1a72fcca58-761b0635bfdsm333150b3a.130 - gsmtp","timestamp":"2025-07-24T01:19:19.562Z"}
{"level":"info","message":"Sent Gmail alert from pttpos.system@gmail.com to dararithzone@gmail.com","messageId":"<0e9cfd9a-e55a-797c-6960-fdef43165bd3@gmail.com>","messageLength":258,"smtpResponse":"250 2.0.0 OK  1753320256 d9443c01a7336-23fa476ea14sm2610595ad.58 - gsmtp","timestamp":"2025-07-24T01:24:17.653Z"}
{"level":"info","message":"Gmail transporter initialized for pttpos.system@gmail.com"}
{"level":"info","message":"Sent Gmail alert from pttpos.system@gmail.com to dararithzone@gmail.com","messageId":"<d12f47f1-0be8-3178-5752-9fa8b3a59436@gmail.com>","messageLength":258,"smtpResponse":"250 2.0.0 OK  1753337796 d2e1a72fcca58-761adb7876dsm819988b3a.6 - gsmtp","timestamp":"2025-07-24T06:16:37.320Z"}
{"level":"info","message":"Gmail transporter initialized for pttpos.system@gmail.com"}
{"level":"info","message":"Sent Gmail alert from pttpos.system@gmail.com to dararithzone@gmail.com","messageId":"<6ef861d4-2f22-1383-2eaa-de848906cf74@gmail.com>","messageLength":257,"smtpResponse":"250 2.0.0 OK  1753517837 41be03b00d2f7-b3f7f6c8940sm1151080a12.59 - gsmtp","timestamp":"2025-07-26T08:17:16.371Z"}
{"level":"info","message":"Sent Gmail alert from pttpos.system@gmail.com to dararithzone@gmail.com","messageId":"<423aaf8b-401e-3fdf-23ca-f4b2ff0b8080@gmail.com>","messageLength":294,"smtpResponse":"250 2.0.0 OK  1753519358 41be03b00d2f7-b3f7f6b0361sm1227477a12.48 - gsmtp","timestamp":"2025-07-26T08:42:37.154Z"}
{"level":"info","message":"Sent Gmail alert from pttpos.system@gmail.com to dararithzone@gmail.com","messageId":"<1aa4bea7-5f89-1a2b-ccc9-1607f17704c8@gmail.com>","messageLength":285,"smtpResponse":"250 2.0.0 OK  1753520223 d2e1a72fcca58-7640ba9fcebsm1218986b3a.135 - gsmtp","timestamp":"2025-07-26T08:57:02.127Z"}
{"level":"info","message":"Sent Gmail alert from pttpos.system@gmail.com to dararithzone@gmail.com","messageId":"<81bb97b1-db6f-6135-d241-6e78ba372277@gmail.com>","messageLength":278,"smtpResponse":"250 2.0.0 OK  1753520323 d9443c01a7336-23fbe30bb5esm13319405ad.11 - gsmtp","timestamp":"2025-07-26T08:58:42.257Z"}
{"level":"info","message":"Sent Gmail alert from pttpos.system@gmail.com to dararithzone@gmail.com","messageId":"<d2f15f19-494b-92c8-6c7f-653cdb4453cc@gmail.com>","messageLength":291,"smtpResponse":"250 2.0.0 OK  1753520377 41be03b00d2f7-b3f7f569a0asm1259079a12.10 - gsmtp","timestamp":"2025-07-26T08:59:35.915Z"}
{"level":"info","message":"Sent Gmail alert from pttpos.system@gmail.com to dararithzone@gmail.com","messageId":"<d4f3e91d-6074-d91a-c2a5-b80042994bdb@gmail.com>","messageLength":298,"smtpResponse":"250 2.0.0 OK  1753520528 41be03b00d2f7-b3f7f67c8e9sm1250422a12.41 - gsmtp","timestamp":"2025-07-26T09:02:07.747Z"}
{"level":"info","message":"Sent Gmail alert from pttpos.system@gmail.com to dararithzone@gmail.com","messageId":"<d1ce53e5-8c09-829d-33be-129502a074ce@gmail.com>","messageLength":275,"smtpResponse":"250 2.0.0 OK  1753520743 d2e1a72fcca58-76408c0287fsm1349835b3a.47 - gsmtp","timestamp":"2025-07-26T09:05:42.027Z"}
{"level":"info","message":"Gmail transporter initialized for pttpos.system@gmail.com"}
{"level":"info","message":"Gmail transporter initialized for pttpos.system@gmail.com"}
{"level":"info","message":"Sent Gmail alert from pttpos.system@gmail.com to bona@gmail.com","messageId":"<965a13ec-3403-5315-158f-1f73408eca98@gmail.com>","messageLength":220,"smtpResponse":"250 2.0.0 OK  1753600763 d2e1a72fcca58-7640872a500sm2966020b3a.22 - gsmtp","timestamp":"2025-07-27T07:19:23.218Z"}
{"level":"info","message":"Sent Gmail alert from pttpos.system@gmail.com to kai@gmail.com","messageId":"<170fe76b-bab2-b0d9-654d-277f51d6d794@gmail.com>","messageLength":194,"smtpResponse":"250 2.0.0 OK  1753601236 98e67ed59e1d1-31e8ea37b21sm2659151a91.22 - gsmtp","timestamp":"2025-07-27T07:27:16.381Z"}
{"level":"info","message":"Sent Gmail alert from pttpos.system@gmail.com to digital.cambodia@site.com","messageId":"<7e750775-5078-cad7-61b2-8faac6f0f276@gmail.com>","messageLength":209,"smtpResponse":"250 2.0.0 OK  1753602365 d9443c01a7336-23fdf5fa955sm20255635ad.202 - gsmtp","timestamp":"2025-07-27T07:46:05.280Z"}
{"level":"info","message":"Gmail transporter initialized for pttpos.system@gmail.com"}
{"level":"info","message":"Sent Gmail alert from pttpos.system@gmail.com to dararithzone@gmail.com","messageId":"<2796680b-6635-11a8-fb09-ffb9b6bb677e@gmail.com>","messageLength":320,"smtpResponse":"250 2.0.0 OK  1753664656 d9443c01a7336-23ff71916f0sm22916485ad.147 - gsmtp","timestamp":"2025-07-28T01:04:16.980Z"}
{"level":"info","message":"Sent Gmail alert from pttpos.system@gmail.com to too.ch@ptt.com.kh","messageId":"<4a8cb440-348c-6c5b-06a5-d56f27de0327@gmail.com>","messageLength":346,"smtpResponse":"250 2.0.0 OK  1753666261 d9443c01a7336-23fbe4fce17sm42200675ad.110 - gsmtp","timestamp":"2025-07-28T01:31:01.662Z"}
{"level":"info","message":"Sent Gmail alert from pttpos.system@gmail.com to bona@gmail.com","messageId":"<1ca48ccd-6a96-17b7-0d53-639798539677@gmail.com>","messageLength":369,"smtpResponse":"250 2.0.0 OK  1753666440 d9443c01a7336-2403de0710bsm2114715ad.12 - gsmtp","timestamp":"2025-07-28T01:34:00.413Z"}
